<?xml version="1.0" encoding="UTF-8"?>
<!-- Generated by org.testng.reporters.JUnitReportReporter -->
<testsuite hostname="DELL" failures="0" tests="7" name="testpkg.ebaytest" time="127.553" errors="0" timestamp="2024-05-05T22:36:52 IST" skipped="0">
  <testcase classname="testpkg.ebaytest" name="verifytest" time="49.716"/>
  <testcase classname="testpkg.ebaytest" name="addItems" time="14.126"/>
  <testcase classname="testpkg.ebaytest" name="selectCategory" time="2.537"/>
  <testcase classname="testpkg.ebaytest" name="fashion" time="52.260"/>
  <testcase classname="testpkg.ebaytest" name="dailydeals" time="1.684"/>
  <testcase classname="testpkg.ebaytest" name="home" time="3.569"/>
  <testcase classname="testpkg.ebaytest" name="signout" time="3.661"/>
</testsuite> <!-- testpkg.ebaytest -->
